<?xml version="1.0" encoding="UTF-8"?>
<databaseChangeLog
        xmlns="http://www.liquibase.org/xml/ns/dbchangelog"
        xmlns:xsi="http://www.w3.org/2001/XMLSchema-instance"
        xmlns:pro="http://www.liquibase.org/xml/ns/pro"
        xsi:schemaLocation="http://www.liquibase.org/xml/ns/dbchangelog
      http://www.liquibase.org/xml/ns/dbchangelog/dbchangelog-4.1.xsd
      http://www.liquibase.org/xml/ns/pro
      http://www.liquibase.org/xml/ns/pro/liquibase-pro-4.1.xsd">
    <changeSet author="testUser" id="1">
        <createTable tableName="class">
            <column name="id" type="INTEGER">
                <constraints nullable="false" primaryKey="true" unique="true"/>
            </column>
            <column name="name" type="VARCHAR(255)"/>
            <column name="прізвище" type="VARCHAR(255)"/>
            <column name="ten_chars1ten_chars2ten_chars3ten_chars4ten_chars5ten_chars6____" type="VARCHAR(255)"/>
            <column name="1age" type="INTEGER"/>
            <column name="class" type="INTEGER"/>
            <column name="city_id" type="INTEGER">
                <constraints nullable="false" foreignKeyName="fk_with_capital_letteR" references="city(id)"/>
            </column>
        </createTable>
    </changeSet>
</databaseChangeLog>